# JRE version: Java(TM) SE Runtime Environment (17.0.12+8) (build 17.0.12+8-LTS-286)
# Java VM: Java HotSpot(TM) 64-Bit Server VM (17.0.12+8-LTS-286, mixed mode, sharing, tiered, compressed oops, compressed class ptrs, g1 gc, windows-amd64)
GC Precious Log:
 CPUs: 8 total, 8 available
 Memory: 6018M
 Large Page Support: Disabled
 NUMA Support: Disabled
 Compressed Oops: Enabled (32-bit)
 Heap Region Size: 1M
 Heap Min Capacity: 256M
 Heap Initial Capacity: 256M
 Heap Max Capacity: 512M
 Pre-touch: Disabled
 Parallel Workers: 8
 Concurrent Workers: 2
 Concurrent Refinement Workers: 8
 Periodic GC: Disabled
Heap:
 garbage-first heap   total 262144K, used 119051K [0x00000000e0000000, 0x0000000100000000)
  region size 1024K, 88 young (90112K), 17 survivors (17408K)
 Metaspace       used 59634K, committed 60352K, reserved 393216K
  class space    used 8411K, committed 8768K, reserved 327680K
GC Heap History (14 events):
Event: 1.423 GC heap before
{Heap before GC invocations=0 (full 0):
 garbage-first heap   total 262144K, used 22528K [0x00000000e0000000, 0x0000000100000000)
  region size 1024K, 23 young (23552K), 0 survivors (0K)
 Metaspace       used 1079K, committed 1216K, reserved 393216K
  class space    used 73K, committed 128K, reserved 327680K
}
Event: 1.430 GC heap after
{Heap after GC invocations=1 (full 0):
 garbage-first heap   total 262144K, used 2645K [0x00000000e0000000, 0x0000000100000000)
  region size 1024K, 3 young (3072K), 3 survivors (3072K)
 Metaspace       used 1079K, committed 1216K, reserved 393216K
  class space    used 73K, committed 128K, reserved 327680K
}
Event: 4.900 GC heap before
{Heap before GC invocations=1 (full 0):
 garbage-first heap   total 262144K, used 39509K [0x00000000e0000000, 0x0000000100000000)
  region size 1024K, 37 young (37888K), 3 survivors (3072K)
 Metaspace       used 4415K, committed 4608K, reserved 393216K
  class space    used 549K, committed 640K, reserved 327680K
}
Event: 4.910 GC heap after
{Heap after GC invocations=2 (full 0):
 garbage-first heap   total 262144K, used 10794K [0x00000000e0000000, 0x0000000100000000)
  region size 1024K, 5 young (5120K), 5 survivors (5120K)
 Metaspace       used 4415K, committed 4608K, reserved 393216K
  class space    used 549K, committed 640K, reserved 327680K
}
Event: 6.519 GC heap before
{Heap before GC invocations=2 (full 0):
 garbage-first heap   total 262144K, used 54826K [0x00000000e0000000, 0x0000000100000000)
  region size 1024K, 46 young (47104K), 5 survivors (5120K)
 Metaspace       used 4586K, committed 4800K, reserved 393216K
  class space    used 563K, committed 640K, reserved 327680K
}
Event: 6.528 GC heap after
{Heap after GC invocations=3 (full 0):
 garbage-first heap   total 262144K, used 16042K [0x00000000e0000000, 0x0000000100000000)
  region size 1024K, 5 young (5120K), 5 survivors (5120K)
 Metaspace       used 4586K, committed 4800K, reserved 393216K
  class space    used 563K, committed 640K, reserved 327680K
}
Event: 14.819 GC heap before
{Heap before GC invocations=3 (full 0):
 garbage-first heap   total 262144K, used 129706K [0x00000000e0000000, 0x0000000100000000)
  region size 1024K, 117 young (119808K), 5 survivors (5120K)
 Metaspace       used 21179K, committed 21504K, reserved 393216K
  class space    used 3101K, committed 3264K, reserved 327680K
}
Event: 14.838 GC heap after
{Heap after GC invocations=4 (full 0):
 garbage-first heap   total 262144K, used 23656K [0x00000000e0000000, 0x0000000100000000)
  region size 1024K, 12 young (12288K), 12 survivors (12288K)
 Metaspace       used 21179K, committed 21504K, reserved 393216K
  class space    used 3101K, committed 3264K, reserved 327680K
}
Event: 20.188 GC heap before
{Heap before GC invocations=5 (full 0):
 garbage-first heap   total 262144K, used 144488K [0x00000000e0000000, 0x0000000100000000)
  region size 1024K, 127 young (130048K), 12 survivors (12288K)
 Metaspace       used 35671K, committed 36096K, reserved 393216K
  class space    used 4966K, committed 5184K, reserved 327680K
}
Event: 20.223 GC heap after
{Heap after GC invocations=6 (full 0):
 garbage-first heap   total 262144K, used 32388K [0x00000000e0000000, 0x0000000100000000)
  region size 1024K, 17 young (17408K), 17 survivors (17408K)
 Metaspace       used 35671K, committed 36096K, reserved 393216K
  class space    used 4966K, committed 5184K, reserved 327680K
}
Event: 27.521 GC heap before
{Heap before GC invocations=7 (full 0):
 garbage-first heap   total 262144K, used 172676K [0x00000000e0000000, 0x0000000100000000)
  region size 1024K, 153 young (156672K), 17 survivors (17408K)
 Metaspace       used 48892K, committed 49472K, reserved 393216K
  class space    used 6886K, committed 7168K, reserved 327680K
}
Event: 27.578 GC heap after
{Heap after GC invocations=8 (full 0):
 garbage-first heap   total 262144K, used 38321K [0x00000000e0000000, 0x0000000100000000)
  region size 1024K, 15 young (15360K), 15 survivors (15360K)
 Metaspace       used 48892K, committed 49472K, reserved 393216K
  class space    used 6886K, committed 7168K, reserved 327680K
}
Event: 34.937 GC heap before
{Heap before GC invocations=8 (full 0):
 garbage-first heap   total 262144K, used 179633K [0x00000000e0000000, 0x0000000100000000)
  region size 1024K, 153 young (156672K), 15 survivors (15360K)
 Metaspace       used 56676K, committed 57280K, reserved 393216K
  class space    used 7969K, committed 8192K, reserved 327680K
}
Event: 34.974 GC heap after
{Heap after GC invocations=9 (full 0):
 garbage-first heap   total 262144K, used 48395K [0x00000000e0000000, 0x0000000100000000)
  region size 1024K, 17 young (17408K), 17 survivors (17408K)
 Metaspace       used 56676K, committed 57280K, reserved 393216K
  class space    used 7969K, committed 8192K, reserved 327680K
}

