# JRE version: Java(TM) SE Runtime Environment (17.0.12+8) (build 17.0.12+8-LTS-286)
# Java VM: Java HotSpot(TM) 64-Bit Server VM (17.0.12+8-LTS-286, mixed mode, sharing, tiered, compressed oops, compressed class ptrs, g1 gc, windows-amd64)
GC Precious Log:
 CPUs: 8 total, 8 available
 Memory: 6018M
 Large Page Support: Disabled
 NUMA Support: Disabled
 Compressed Oops: Enabled (32-bit)
 Heap Region Size: 1M
 Heap Min Capacity: 256M
 Heap Initial Capacity: 256M
 Heap Max Capacity: 512M
 Pre-touch: Disabled
 Parallel Workers: 8
 Concurrent Workers: 2
 Concurrent Refinement Workers: 8
 Periodic GC: Disabled
Heap:
 garbage-first heap   total 262144K, used 149075K [0x00000000e0000000, 0x0000000100000000)
  region size 1024K, 101 young (103424K), 7 survivors (7168K)
 Metaspace       used 65242K, committed 66560K, reserved 393216K
  class space    used 8836K, committed 9472K, reserved 327680K
GC Heap History (20 events):
Event: 118.958 GC heap before
{Heap before GC invocations=11 (full 0):
 garbage-first heap   total 262144K, used 194807K [0x00000000e0000000, 0x0000000100000000)
  region size 1024K, 153 young (156672K), 14 survivors (14336K)
 Metaspace       used 61153K, committed 61888K, reserved 393216K
  class space    used 8486K, committed 8832K, reserved 327680K
}
Event: 119.055 GC heap after
{Heap after GC invocations=12 (full 0):
 garbage-first heap   total 262144K, used 52323K [0x00000000e0000000, 0x0000000100000000)
  region size 1024K, 5 young (5120K), 5 survivors (5120K)
 Metaspace       used 61153K, committed 61888K, reserved 393216K
  class space    used 8486K, committed 8832K, reserved 327680K
}
Event: 189.455 GC heap before
{Heap before GC invocations=12 (full 0):
 garbage-first heap   total 262144K, used 203875K [0x00000000e0000000, 0x0000000100000000)
  region size 1024K, 153 young (156672K), 5 survivors (5120K)
 Metaspace       used 61948K, committed 62656K, reserved 393216K
  class space    used 8505K, committed 8832K, reserved 327680K
}
Event: 189.502 GC heap after
{Heap after GC invocations=13 (full 0):
 garbage-first heap   total 262144K, used 52849K [0x00000000e0000000, 0x0000000100000000)
  region size 1024K, 5 young (5120K), 5 survivors (5120K)
 Metaspace       used 61948K, committed 62656K, reserved 393216K
  class space    used 8505K, committed 8832K, reserved 327680K
}
Event: 335.471 GC heap before
{Heap before GC invocations=13 (full 0):
 garbage-first heap   total 262144K, used 203377K [0x00000000e0000000, 0x0000000100000000)
  region size 1024K, 153 young (156672K), 5 survivors (5120K)
 Metaspace       used 62539K, committed 63360K, reserved 393216K
  class space    used 8519K, committed 8896K, reserved 327680K
}
Event: 335.580 GC heap after
{Heap after GC invocations=14 (full 0):
 garbage-first heap   total 262144K, used 53133K [0x00000000e0000000, 0x0000000100000000)
  region size 1024K, 6 young (6144K), 6 survivors (6144K)
 Metaspace       used 62539K, committed 63360K, reserved 393216K
  class space    used 8519K, committed 8896K, reserved 327680K
}
Event: 434.981 GC heap before
{Heap before GC invocations=14 (full 0):
 garbage-first heap   total 262144K, used 202637K [0x00000000e0000000, 0x0000000100000000)
  region size 1024K, 153 young (156672K), 6 survivors (6144K)
 Metaspace       used 62843K, committed 63680K, reserved 393216K
  class space    used 8529K, committed 8896K, reserved 327680K
}
Event: 435.163 GC heap after
{Heap after GC invocations=15 (full 0):
 garbage-first heap   total 262144K, used 53848K [0x00000000e0000000, 0x0000000100000000)
  region size 1024K, 6 young (6144K), 6 survivors (6144K)
 Metaspace       used 62843K, committed 63680K, reserved 393216K
  class space    used 8529K, committed 8896K, reserved 327680K
}
Event: 505.310 GC heap before
{Heap before GC invocations=15 (full 0):
 garbage-first heap   total 262144K, used 204376K [0x00000000e0000000, 0x0000000100000000)
  region size 1024K, 153 young (156672K), 6 survivors (6144K)
 Metaspace       used 63017K, committed 63808K, reserved 393216K
  class space    used 8529K, committed 8896K, reserved 327680K
}
Event: 505.366 GC heap after
{Heap after GC invocations=16 (full 0):
 garbage-first heap   total 262144K, used 53544K [0x00000000e0000000, 0x0000000100000000)
  region size 1024K, 6 young (6144K), 6 survivors (6144K)
 Metaspace       used 63017K, committed 63808K, reserved 393216K
  class space    used 8529K, committed 8896K, reserved 327680K
}
Event: 581.535 GC heap before
{Heap before GC invocations=16 (full 0):
 garbage-first heap   total 262144K, used 204072K [0x00000000e0000000, 0x0000000100000000)
  region size 1024K, 153 young (156672K), 6 survivors (6144K)
 Metaspace       used 63168K, committed 63936K, reserved 393216K
  class space    used 8529K, committed 8896K, reserved 327680K
}
Event: 581.700 GC heap after
{Heap after GC invocations=17 (full 0):
 garbage-first heap   total 262144K, used 54547K [0x00000000e0000000, 0x0000000100000000)
  region size 1024K, 7 young (7168K), 7 survivors (7168K)
 Metaspace       used 63168K, committed 63936K, reserved 393216K
  class space    used 8529K, committed 8896K, reserved 327680K
}
Event: 617.190 GC heap before
{Heap before GC invocations=17 (full 0):
 garbage-first heap   total 262144K, used 204051K [0x00000000e0000000, 0x0000000100000000)
  region size 1024K, 153 young (156672K), 7 survivors (7168K)
 Metaspace       used 64706K, committed 65984K, reserved 393216K
  class space    used 8805K, committed 9408K, reserved 327680K
}
Event: 617.232 GC heap after
{Heap after GC invocations=18 (full 0):
 garbage-first heap   total 262144K, used 56236K [0x00000000e0000000, 0x0000000100000000)
  region size 1024K, 9 young (9216K), 9 survivors (9216K)
 Metaspace       used 64706K, committed 65984K, reserved 393216K
  class space    used 8805K, committed 9408K, reserved 327680K
}
Event: 729.209 GC heap before
{Heap before GC invocations=18 (full 0):
 garbage-first heap   total 262144K, used 202668K [0x00000000e0000000, 0x0000000100000000)
  region size 1024K, 153 young (156672K), 9 survivors (9216K)
 Metaspace       used 64953K, committed 66240K, reserved 393216K
  class space    used 8834K, committed 9472K, reserved 327680K
}
Event: 729.292 GC heap after
{Heap after GC invocations=19 (full 0):
 garbage-first heap   total 262144K, used 50829K [0x00000000e0000000, 0x0000000100000000)
  region size 1024K, 3 young (3072K), 3 survivors (3072K)
 Metaspace       used 64953K, committed 66240K, reserved 393216K
  class space    used 8834K, committed 9472K, reserved 327680K
}
Event: 815.061 GC heap before
{Heap before GC invocations=19 (full 0):
 garbage-first heap   total 262144K, used 203405K [0x00000000e0000000, 0x0000000100000000)
  region size 1024K, 153 young (156672K), 3 survivors (3072K)
 Metaspace       used 65067K, committed 66368K, reserved 393216K
  class space    used 8835K, committed 9472K, reserved 327680K
}
Event: 815.157 GC heap after
{Heap after GC invocations=20 (full 0):
 garbage-first heap   total 262144K, used 53539K [0x00000000e0000000, 0x0000000100000000)
  region size 1024K, 6 young (6144K), 6 survivors (6144K)
 Metaspace       used 65067K, committed 66368K, reserved 393216K
  class space    used 8835K, committed 9472K, reserved 327680K
}
Event: 859.779 GC heap before
{Heap before GC invocations=20 (full 0):
 garbage-first heap   total 262144K, used 204067K [0x00000000e0000000, 0x0000000100000000)
  region size 1024K, 153 young (156672K), 6 survivors (6144K)
 Metaspace       used 65193K, committed 66496K, reserved 393216K
  class space    used 8836K, committed 9472K, reserved 327680K
}
Event: 859.874 GC heap after
{Heap after GC invocations=21 (full 0):
 garbage-first heap   total 262144K, used 54867K [0x00000000e0000000, 0x0000000100000000)
  region size 1024K, 7 young (7168K), 7 survivors (7168K)
 Metaspace       used 65193K, committed 66496K, reserved 393216K
  class space    used 8836K, committed 9472K, reserved 327680K
}

